<?xml version="1.0" encoding="UTF-8"?>
<testsuite xmlns:xsi="http://www.w3.org/2001/XMLSchema-instance" xsi:noNamespaceSchemaLocation="https://maven.apache.org/surefire/maven-surefire-plugin/xsd/surefire-test-report-3.0.xsd" version="3.0" name="com.fortifile.crypto.CryptoUtilsTest" time="0.678" tests="5" errors="0" skipped="0" failures="0">
  <properties>
[...]
</properties>
  <testcase name="testSaltUniqueness" classname="com.fortifile.crypto.CryptoUtilsTest" time="0.075"/>
  <testcase name="testRoundTrip" classname="com.fortifile.crypto.CryptoUtilsTest" time="0.258"/>
  <testcase name="testNonceUniqueness" classname="com.fortifile.crypto.CryptoUtilsTest" time="0.009"/>
  <testcase name="testTamperedFileFails" classname="com.fortifile.crypto.CryptoUtilsTest" time="0.173"/>
  <testcase name="testWrongPasswordFails" classname="com.fortifile.crypto.CryptoUtilsTest" time="0.128"/>
</testsuite>